autoscan: warning: missing AC_CHECK_FUNCS([dup2]) wanted by: 
	xdelta3-main.h:2316
	xdelta3-main.h:2317
	xdelta3-main.h:2575
	xdelta3-main.h:2576
autoscan: warning: missing AC_CHECK_FUNCS([gettimeofday]) wanted by: 
	xdelta3-main.h:551
	cpp-btree/btree_bench.cc:80
autoscan: warning: missing AC_CHECK_FUNCS([memset]) wanted by: 
	xdelta3-blkcache.h:139
	xdelta3-main.h:531
	xdelta3-main.h:781
	xdelta3-main.h:2834
	xdelta3-main.h:3004
	xdelta3-main.h:3005
	xdelta3-main.h:3006
	xdelta3.h:1336
	xdelta3.c:1248
	xdelta3.c:1254
	xdelta3.c:1459
	xdelta3.c:1628
	xdelta3.c:1681
	xdelta3.c:1685
	xdelta3.c:3390
	xdelta3.c:3391
	xdelta3.c:3414
	xdelta3.c:3544
	xdelta3-djw.h:565
	xdelta3-djw.h:612
	xdelta3-djw.h:1050
	xdelta3-djw.h:1051
	xdelta3-djw.h:1067
	xdelta3-djw.h:1128
	xdelta3-djw.h:1360
	xdelta3-decode.h:429
	xdelta3-test.h:701
	xdelta3-test.h:702
	xdelta3-test.h:744
	xdelta3-test.h:745
	xdelta3-test.h:1393
	xdelta3-test.h:1543
	xdelta3-test.h:1544
	xdelta3-test.h:1698
	xdelta3-test.h:2543
	xdelta3-test.h:2610
	xdelta3-test.h:2918
	rcs_junk.cc:945
	xdelta3-fgk.h:204
	xdelta3-merge.h:263
	xdelta3-lzma.h:52
	examples/small_page_test.c:79
	examples/encode_decode_test.c:33
	examples/encode_decode_test.c:34
	testing/regtest.cc:67
	testing/regtest.cc:68
	testing/regtest.cc:70
	testing/regtest.cc:71
	testing/regtest.cc:298
	testing/regtest.cc:299
	testing/regtest.cc:315
	testing/checksum_test.cc:175
	testing/checksum_test.cc:513
	testing/delta.h:22
	testing/delta.h:23
	cpp-btree/btree.h:694
	cpp-btree/btree.h:702
autoscan: warning: missing AC_CHECK_FUNCS([mkdir]) wanted by: 
	rcs_junk.cc:1325
autoscan: warning: missing AC_CHECK_FUNCS([sqrt]) wanted by: 
	rcs_junk.cc:1038
	rcs_junk.cc:1156
autoscan: warning: missing AC_CHECK_FUNCS([strcasecmp]) wanted by: 
	rcs_junk.cc:1455
	rcs_junk.cc:1456
	rcs_junk.cc:1458
autoscan: warning: missing AC_CHECK_FUNCS([strchr]) wanted by: 
	xdelta3-main.h:2836
	xdelta3-main.h:3651
	rcs_junk.cc:448
	rcs_junk.cc:451
	rcs_junk.cc:707
	rcs_junk.cc:1796
	rcs_junk.cc:1827
autoscan: warning: missing AC_CHECK_FUNCS([strerror]) wanted by: 
	xdelta3-main.h:523
	xdelta3-test.h:238
	xdelta3-test.h:491
	xdelta3-test.h:498
autoscan: warning: missing AC_CHECK_FUNCS([strrchr]) wanted by: 
	xdelta3-main.h:2695
	xdelta3-main.h:2778
	rcs_junk.cc:454
	rcs_junk.cc:470
	rcs_junk.cc:499
	rcs_junk.cc:1562
	testing/regtest.cc:1301
autoscan: warning: missing AC_CHECK_FUNCS([strtol]) wanted by: 
	xdelta3-main.h:3070
autoscan: warning: missing AC_CHECK_FUNCS([strtoul]) wanted by: 
	xdelta3-main.h:672
autoscan: warning: missing AC_CHECK_FUNCS([strtoull]) wanted by: 
	xdelta3-main.h:669
autoscan: warning: missing AC_CHECK_HEADERS([fcntl.h]) wanted by: 
	xdelta3-main.h:102
	rcs_junk.cc:172
autoscan: warning: missing AC_CHECK_HEADERS([limits.h]) wanted by: 
	xdelta3-main.h:49
autoscan: warning: missing AC_CHECK_HEADERS([stddef.h]) wanted by: 
	xdelta3.h:35
	cpp-btree/safe_btree.h:31
	cpp-btree/btree.h:104
autoscan: warning: missing AC_CHECK_HEADERS([sys/time.h]) wanted by: 
	xdelta3-main.h:107
	cpp-btree/btree_bench.cc:22
autoscan: warning: missing AC_CHECK_HEADER_STDBOOL wanted by: 
	testing/sizes.h:34
	testing/file.h:271
	testing/file.h:347
	testing/regtest.cc:38
	testing/regtest.cc:106
	testing/regtest.cc:107
	testing/regtest.cc:108
	testing/delta.h:31
	cpp-btree/safe_btree.h:111
	cpp-btree/safe_btree.h:114
	cpp-btree/safe_btree.h:278
	cpp-btree/safe_btree.h:279
	cpp-btree/safe_btree.h:283
	cpp-btree/safe_btree.h:284
	cpp-btree/safe_btree.h:376
	cpp-btree/btree.h:138
	cpp-btree/btree.h:156
	cpp-btree/btree.h:173
	cpp-btree/btree.h:229
	cpp-btree/btree.h:233
	cpp-btree/btree.h:236
	cpp-btree/btree.h:249
	cpp-btree/btree.h:252
	cpp-btree/btree.h:263
	cpp-btree/btree.h:360
	cpp-btree/btree.h:475
	cpp-btree/btree.h:522
	cpp-btree/btree.h:538
	cpp-btree/btree.h:794
	cpp-btree/btree.h:797
	cpp-btree/btree.h:1005
	cpp-btree/btree.h:1009
	cpp-btree/btree.h:1119
	cpp-btree/btree.h:1141
	cpp-btree/btree.h:1292
	cpp-btree/btree.h:1383
	cpp-btree/btree.h:1388
	cpp-btree/btree.h:1395
	cpp-btree/btree.h:1741
	cpp-btree/btree.h:1862
	cpp-btree/btree.h:1899
	cpp-btree/btree.h:2107
	cpp-btree/btree_test.h:50
	cpp-btree/btree_test.h:368
	cpp-btree/btree_test.h:413
	cpp-btree/btree_test.h:415
	cpp-btree/btree_test.h:417
	cpp-btree/btree_test.h:426
	cpp-btree/btree_test.cc:119
	cpp-btree/btree_container.h:106
	cpp-btree/btree_container.h:118
	cpp-btree/btree_container.h:130
	cpp-btree/btree_container.h:193
	testing/test.h:42
	testing/test.h:48
	testing/regtest.cc:31
	testing/regtest.cc:107
	testing/regtest.cc:108
	testing/regtest.cc:161
	testing/regtest.cc:200
	testing/regtest.cc:212
	testing/regtest.cc:828
	testing/regtest.cc:1239
	testing/delta.h:31
	cpp-btree/btree.h:144
	cpp-btree/btree.h:1291
	cpp-btree/btree.h:1751
	cpp-btree/btree.h:1756
	cpp-btree/btree.h:1862
	cpp-btree/btree.h:1882
	cpp-btree/btree.h:2136
	cpp-btree/btree.h:2152
	cpp-btree/btree.h:2155
	cpp-btree/btree_container.h:120
	cpp-btree/btree_container.h:124
	testing/file.h:366
	testing/regtest.cc:106
	testing/regtest.cc:191
	testing/regtest.cc:195
	testing/regtest.cc:210
	testing/regtest.cc:219
	testing/regtest.cc:358
	testing/delta.h:37
	cpp-btree/btree.h:246
	cpp-btree/btree.h:393
	cpp-btree/btree.h:418
	cpp-btree/btree.h:1289
	cpp-btree/btree.h:1760
	cpp-btree/btree.h:1870
	cpp-btree/btree.h:1880
	cpp-btree/btree.h:2116
	cpp-btree/btree.h:2124
	cpp-btree/btree_container.h:127
autoscan: warning: missing AC_CHECK_TYPES([ptrdiff_t]) wanted by: 
	xdelta3-list.h:24
	cpp-btree/btree.h:286
	cpp-btree/btree_test.h:94
	cpp-btree/btree_test.h:99
	cpp-btree/btree_test.h:108
	cpp-btree/btree_test.h:112
	cpp-btree/btree_bench.cc:52
autoscan: warning: missing AC_C_INLINE wanted by: 
	xdelta3.h:1332
	xdelta3.h:1356
	xdelta3.h:1375
	xdelta3.h:1382
	xdelta3.h:1386
	xdelta3.h:1390
	xdelta3.h:1396
	xdelta3.h:1407
	xdelta3.h:1417
	xdelta3.h:1427
	xdelta3.c:991
	xdelta3.c:999
	xdelta3.c:1147
	xdelta3.c:1171
	xdelta3.c:1845
	xdelta3.c:1852
	xdelta3.c:3844
	xdelta3-djw.h:247
	xdelta3-djw.h:255
	xdelta3-djw.h:271
	xdelta3-djw.h:324
	xdelta3-djw.h:336
	xdelta3-djw.h:1410
	xdelta3-djw.h:1534
	xdelta3-djw.h:1609
	xdelta3-decode.h:26
	xdelta3-decode.h:41
	xdelta3-list.h:21
	xdelta3-list.h:27
	xdelta3-list.h:34
	xdelta3-list.h:43
	xdelta3-list.h:49
	xdelta3-list.h:57
	xdelta3-list.h:65
	xdelta3-list.h:73
	xdelta3-list.h:81
	xdelta3-list.h:87
	xdelta3-list.h:93
	xdelta3-list.h:99
	xdelta3-list.h:105
	xdelta3-list.h:111
	xdelta3-fgk.h:111
	xdelta3-fgk.h:123
	xdelta3-fgk.h:151
	xdelta3-fgk.h:294
	xdelta3-fgk.h:663
	xdelta3-internal.h:237
	xdelta3-internal.h:247
	xdelta3-internal.h:251
	xdelta3-internal.h:257
	xdelta3-internal.h:264
	xdelta3-internal.h:280
	xdelta3-internal.h:284
	xdelta3-internal.h:290
	xdelta3-internal.h:304
	xdelta3-internal.h:306
	xdelta3-internal.h:308
	xdelta3-internal.h:312
	xdelta3-internal.h:324
	xdelta3-internal.h:326
	xdelta3-internal.h:328
	xdelta3-internal.h:332
	xdelta3-internal.h:341
	xdelta3-internal.h:344
	xdelta3-internal.h:351
	xdelta3-internal.h:354
	xdelta3-hash.h:47
	xdelta3-hash.h:55
	xdelta3-hash.h:65
	xdelta3-hash.h:72
	xdelta3-hash.h:82
	xdelta3-hash.h:91
	xdelta3-hash.h:101
	xdelta3-second.h:19
	xdelta3-second.h:25
	xdelta3-second.h:175
	xdelta3-second.h:206
	xdelta3-second.h:214
	examples/compare_test.c:28
	examples/compare_test.c:63
	examples/compare_test.c:98
	testing/test.h:57
	cpp-btree/btree.h:132
	cpp-btree/btree.h:1420
	cpp-btree/btree.h:1439
	cpp-btree/btree.h:1764
	cpp-btree/btree.h:2186
	cpp-btree/btree.h:2198
	cpp-btree/btree.h:2229
	cpp-btree/btree.h:2235
	cpp-btree/btree.h:2248
	cpp-btree/btree_test.h:83
	cpp-btree/btree_test.h:94
	cpp-btree/btree_test.h:108
	cpp-btree/btree_test.h:112
	cpp-btree/safe_btree_set.h:81
	cpp-btree/safe_btree_map.h:82
	cpp-btree/btree_set.h:71
	cpp-btree/btree_set.h:114
	cpp-btree/btree_container.h:140
	cpp-btree/btree_map.h:76
	cpp-btree/btree_map.h:123
autoscan: warning: missing AC_FUNC_FORK wanted by: 
	xdelta3-main.h:2301
	xdelta3-main.h:2337
	xdelta3-main.h:2560
autoscan: warning: missing AC_FUNC_MALLOC wanted by: 
	xdelta3-main.h:439
	xdelta3.c:1405
	xdelta3-test.h:290
	xdelta3-test.h:1696
	badcopy.c:105
	examples/compare_test.c:109
	examples/compare_test.c:110
	examples/encode_decode_test.c:47
	examples/encode_decode_test.c:59
autoscan: warning: missing AC_PROG_INSTALL wanted by: 
	run_release.sh:105
	run_release.sh:105
	run_release.sh:158
	generate_build_files.sh:4
autoscan: warning: missing AC_PROG_MAKE_SET wanted by: 
	run_release.sh:101
	run_release.sh:105
	run_release.sh:158
	run_release.sh:158
	run_release.sh:162
	testing/Makefile:2
	testing/Makefile:5
	testing/Makefile:8
autoscan: warning: missing AC_TYPE_INT32_T wanted by: 
	cpp-btree/btree_test.cc:40
	cpp-btree/btree_test.cc:41
	cpp-btree/btree_test.cc:42
	cpp-btree/btree_test.cc:43
	cpp-btree/btree_test.cc:47
	cpp-btree/btree_test.cc:53
	cpp-btree/btree_test.cc:54
	cpp-btree/btree_test.cc:55
	cpp-btree/btree_test.cc:56
	cpp-btree/btree_test.cc:57
	cpp-btree/btree_test.cc:59
	cpp-btree/btree_test.cc:60
	cpp-btree/btree_test.cc:61
	cpp-btree/btree_test.cc:62
	cpp-btree/btree_test.cc:63
	cpp-btree/btree_test.cc:90
	cpp-btree/btree_test.cc:94
	cpp-btree/btree_test.cc:100
	cpp-btree/btree_test.cc:101
	cpp-btree/btree_test.cc:102
	cpp-btree/btree_test.cc:103
	cpp-btree/btree_test.cc:104
	cpp-btree/btree_test.cc:105
	cpp-btree/btree_test.cc:169
	cpp-btree/btree_test.cc:176
	cpp-btree/btree_test.cc:177
	cpp-btree/btree_test.cc:183
	cpp-btree/btree_test.cc:187
	cpp-btree/btree_bench.cc:481
	cpp-btree/btree_bench.cc:485
	cpp-btree/btree_bench.cc:489
	cpp-btree/btree_bench.cc:493
	cpp-btree/btree_bench.cc:525
	cpp-btree/safe_btree_test.cc:49
	cpp-btree/safe_btree_test.cc:50
	cpp-btree/safe_btree_test.cc:51
	cpp-btree/safe_btree_test.cc:52
	cpp-btree/safe_btree_test.cc:56
autoscan: warning: missing AC_TYPE_INT64_T wanted by: 
	testing/checksum_test.cc:540
	testing/checksum_test.cc:541
	cpp-btree/safe_btree.h:88
	cpp-btree/safe_btree.h:159
	cpp-btree/safe_btree.h:368
	cpp-btree/safe_btree.h:390
	cpp-btree/btree_test.h:852
	cpp-btree/btree_test.h:878
	cpp-btree/btree_test.h:881
	cpp-btree/btree_test.h:888
	cpp-btree/btree_test.h:889
	cpp-btree/btree_test.cc:44
	cpp-btree/btree_test.cc:48
	cpp-btree/btree_test.cc:91
	cpp-btree/btree_test.cc:95
	cpp-btree/btree_test.cc:195
	cpp-btree/btree_test.cc:199
	cpp-btree/btree_test.cc:217
	cpp-btree/btree_test.cc:221
	cpp-btree/btree_bench.cc:71
	cpp-btree/btree_bench.cc:72
	cpp-btree/btree_bench.cc:78
	cpp-btree/btree_bench.cc:148
	cpp-btree/btree_bench.cc:482
	cpp-btree/btree_bench.cc:486
	cpp-btree/btree_bench.cc:490
	cpp-btree/btree_bench.cc:494
	cpp-btree/btree_bench.cc:526
	cpp-btree/safe_btree_test.cc:53
	cpp-btree/safe_btree_test.cc:57
	cpp-btree/safe_btree_test.cc:63
	cpp-btree/safe_btree_test.cc:67
	cpp-btree/safe_btree_test.cc:85
	cpp-btree/safe_btree_test.cc:89
autoscan: warning: missing AC_TYPE_OFF_T wanted by: 
	rcs_junk.cc:28
	rcs_junk.cc:53
autoscan: warning: missing AC_TYPE_PID_T wanted by: 
	xdelta3-main.h:2106
	xdelta3-main.h:2127
	xdelta3-main.h:2289
	xdelta3-main.h:2546
	xdelta3.h:139
	xdelta3-test.h:259
	testing/file.h:330
autoscan: warning: missing AC_TYPE_SIZE_T wanted by: 
	xdelta3-blkcache.h:344
	xdelta3-blkcache.h:470
	xdelta3-main.h:70
	xdelta3-main.h:305
	xdelta3-main.h:306
	xdelta3-main.h:339
	xdelta3-main.h:386
	xdelta3-main.h:437
	xdelta3-main.h:444
	xdelta3-main.h:453
	xdelta3-main.h:462
	xdelta3-main.h:971
	xdelta3-main.h:972
	xdelta3-main.h:975
	xdelta3-main.h:979
	xdelta3-main.h:1003
	xdelta3-main.h:1004
	xdelta3-main.h:1007
	xdelta3-main.h:1040
	xdelta3-main.h:1041
	xdelta3-main.h:1048
	xdelta3-main.h:2214
	xdelta3-main.h:2284
	xdelta3-main.h:2431
	xdelta3-main.h:2432
	xdelta3-main.h:2437
	xdelta3-main.h:2873
	xdelta3-main.h:2874
	xdelta3-main.h:2992
	xdelta3.h:170
	xdelta3.h:181
	xdelta3.h:215
	xdelta3.h:360
	xdelta3.h:396
	xdelta3.c:1197
	xdelta3.c:1403
	xdelta3.c:1405
	xdelta3.c:1459
	xdelta3-djw.h:558
	xdelta3-djw.h:681
	xdelta3-decode.h:61
	xdelta3-test.h:346
	xdelta3-test.h:405
	xdelta3-test.h:406
	xdelta3-internal.h:25
	xdelta3-internal.h:37
	xdelta3-internal.h:38
	xdelta3-internal.h:42
	xdelta3-merge.h:536
	xdelta3-lzma.h:93
	xdelta3-lzma.h:94
	xdelta3-lzma.h:144
	examples/test.h:24
	examples/test.h:42
	examples/speed_test.c:19
	examples/speed_test.c:20
	examples/speed_test.c:21
	examples/speed_test.c:37
	testing/sizes.h:20
	testing/sizes.h:44
	testing/sizes.h:46
	testing/sizes.h:47
	testing/sizes.h:53
	testing/sizes.h:54
	testing/sizes.h:57
	testing/sizes.h:67
	testing/sizes.h:72
	testing/sizes.h:73
	testing/sizes.h:76
	testing/sizes.h:82
	testing/sizes.h:86
	testing/sizes.h:89
	testing/sizes.h:94
	testing/sizes.h:99
	testing/sizes.h:103
	testing/sizes.h:108
	testing/sizes.h:112
	testing/sizes.h:117
	testing/sizes.h:121
	testing/sizes.h:126
	testing/test.h:59
	testing/modify.h:364
	testing/modify.h:365
	testing/modify.h:366
	testing/file.h:33
	testing/file.h:37
	testing/file.h:52
	testing/file.h:83
	testing/file.h:100
	testing/file.h:120
	testing/file.h:121
	testing/file.h:156
	testing/file.h:217
	testing/file.h:218
	testing/file.h:237
	testing/file.h:238
	testing/file.h:266
	testing/file.h:300
	testing/file.h:316
	testing/file.h:323
	testing/file.h:357
	testing/regtest.cc:36
	testing/regtest.cc:496
	testing/regtest.cc:499
	testing/regtest.cc:517
	testing/regtest.cc:518
	testing/regtest.cc:526
	testing/regtest.cc:533
	testing/regtest.cc:555
	testing/regtest.cc:556
	testing/regtest.cc:557
	testing/regtest.cc:567
	testing/regtest.cc:590
	testing/regtest.cc:591
	testing/regtest.cc:603
	testing/regtest.cc:626
	testing/regtest.cc:627
	testing/regtest.cc:628
	testing/regtest.cc:638
	testing/regtest.cc:661
	testing/regtest.cc:662
	testing/regtest.cc:663
	testing/regtest.cc:680
	testing/regtest.cc:1114
	testing/regtest.cc:1117
	testing/regtest.cc:1119
	testing/regtest.cc:1121
	testing/regtest.cc:1131
	testing/regtest.cc:1132
	testing/regtest.cc:1138
	testing/regtest.cc:1139
	testing/regtest.cc:1172
	testing/regtest.cc:1174
	testing/regtest.cc:1176
	testing/regtest.cc:1178
	testing/regtest.cc:1180
	testing/regtest.cc:1182
	testing/regtest.cc:1184
	testing/regtest.cc:1186
	testing/checksum_test.cc:318
	testing/checksum_test.cc:356
	testing/checksum_test.cc:535
	testing/checksum_test.cc:561
	testing/checksum_test.cc:625
	testing/checksum_test.cc:629
	testing/checksum_test.cc:643
	testing/checksum_test.cc:661
	testing/delta.h:68
	testing/cmp.h:16
	testing/cmp.h:17
	testing/cmp.h:18
	testing/cmp.h:19
	testing/cmp.h:56
	testing/cmp.h:60
	testing/segment.h:19
	testing/segment.h:27
	testing/segment.h:35
	testing/segment.h:43
	testing/segment.h:47
	testing/segment.h:47
	testing/segment.h:56
	testing/segment.h:56
	testing/segment.h:61
	testing/segment.h:67
	testing/segment.h:76
	testing/segment.h:91
	testing/segment.h:91
	testing/segment.h:99
	testing/segment.h:103
	cpp-btree/btree_test.h:108
	cpp-btree/btree_test.cc:116
	cpp-btree/btree_test.cc:124
autoscan: warning: missing AC_TYPE_SSIZE_T wanted by: 
	xdelta3-main.h:980
	xdelta3.h:138
	xdelta3.c:4396
	xdelta3.c:4397
	xdelta3.c:4429
	xdelta3-fgk.h:191
	cpp-btree/btree.h:285
	cpp-btree/btree.h:894
	cpp-btree/btree.h:894
	cpp-btree/btree.h:905
	cpp-btree/btree.h:906
autoscan: warning: missing AC_TYPE_UINT16_T wanted by: 
	xdelta3.h:142
	testing/checksum_test_c.c:23
	cpp-btree/btree.h:300
autoscan: warning: missing AC_TYPE_UINT32_T wanted by: 
	xdelta3-main.h:387
	xdelta3.h:143
	xdelta3.h:197
	xdelta3.h:231
	xdelta3.h:758
	xdelta3.h:805
	xdelta3.h:906
	xdelta3.h:982
	xdelta3.h:1017
	xdelta3.h:1030
	xdelta3.h:1334
	xdelta3.h:1397
	xdelta3.c:477
	xdelta3.c:484
	xdelta3.c:484
	xdelta3.c:509
	xdelta3.c:1084
	xdelta3.c:1084
	xdelta3.c:1086
	xdelta3.c:1087
	xdelta3.c:2818
	xdelta3.c:4293
	xdelta3.c:4295
	xdelta3.c:4296
	xdelta3.c:4556
	xdelta3.c:4557
	xdelta3-djw.h:104
	xdelta3-djw.h:108
	xdelta3-djw.h:109
	xdelta3-djw.h:110
	xdelta3-decode.h:795
	xdelta3-test.h:17
	xdelta3-test.h:20
	xdelta3-test.h:21
	xdelta3-test.h:22
	xdelta3-test.h:32
	xdelta3-test.h:36
	xdelta3-test.h:37
	xdelta3-test.h:43
	xdelta3-test.h:58
	xdelta3-test.h:59
	xdelta3-test.h:100
	xdelta3-test.h:101
	xdelta3-test.h:101
	xdelta3-test.h:106
	xdelta3-test.h:106
	xdelta3-test.h:323
	xdelta3-test.h:324
	xdelta3-test.h:518
	xdelta3-test.h:667
	xdelta3-fgk.h:33
	xdelta3-internal.h:49
	xdelta3-internal.h:49
	xdelta3-internal.h:237
	xdelta3-internal.h:238
	xdelta3-internal.h:248
	xdelta3-internal.h:253
	xdelta3-internal.h:254
	xdelta3-internal.h:258
	xdelta3-internal.h:264
	xdelta3-internal.h:304
	xdelta3-internal.h:307
	xdelta3-internal.h:310
	xdelta3-internal.h:324
	xdelta3-internal.h:342
	xdelta3-internal.h:371
	xdelta3-internal.h:372
	xdelta3-internal.h:372
	xdelta3-hash.h:23
	xdelta3-hash.h:24
	xdelta3-hash.h:47
	xdelta3-hash.h:48
	xdelta3-hash.h:55
	xdelta3-hash.h:56
	xdelta3-hash.h:72
	xdelta3-hash.h:75
	xdelta3-hash.h:82
	xdelta3-hash.h:83
	xdelta3-lzma.h:56
	examples/compare_test.c:29
	testing/checksum_test_c.c:60
	testing/checksum_test_c.c:160
	testing/checksum_test_c.c:163
	testing/checksum_test_c.c:164
	testing/checksum_test_c.c:166
	testing/checksum_test_c.c:167
	testing/checksum_test_c.c:178
	testing/checksum_test_c.c:179
	testing/checksum_test_c.c:182
	testing/checksum_test_c.c:183
	testing/checksum_test_c.c:184
	testing/checksum_test_c.c:185
	testing/checksum_test_c.c:186
	testing/checksum_test_c.c:187
	testing/regtest.cc:410
	testing/regtest.cc:411
	testing/regtest.cc:413
	testing/regtest.cc:414
	testing/regtest.cc:849
	testing/regtest.cc:850
	testing/regtest.cc:901
	testing/regtest.cc:902
	testing/checksum_test.cc:26
	testing/checksum_test.cc:27
	testing/checksum_test.cc:27
	testing/checksum_test.cc:41
	testing/checksum_test.cc:95
	testing/checksum_test.cc:95
	testing/random.h:26
	testing/random.h:27
	testing/random.h:28
	testing/random.h:29
	testing/random.h:35
	testing/random.h:42
	testing/random.h:43
	testing/random.h:75
	testing/random.h:75
	testing/random.h:78
	testing/random.h:78
	testing/random.h:96
	testing/random.h:109
	testing/random.h:120
	testing/random.h:134
	testing/random.h:137
	testing/random.h:138
	testing/random.h:139
	testing/random.h:140
	testing/random.h:149
	testing/segment.h:27
	testing/segment.h:91
	testing/segment.h:102
autoscan: warning: missing AC_TYPE_UINT64_T wanted by: 
	xdelta3-main.h:388
	xdelta3.h:144
	xdelta3.h:175
	xdelta3.h:209
	xdelta3.h:1027
	xdelta3-test.h:517
	xdelta3-test.h:673
	xdelta3-internal.h:265
	xdelta3-internal.h:281
	xdelta3-internal.h:286
	xdelta3-internal.h:287
	xdelta3-internal.h:291
	xdelta3-internal.h:327
	xdelta3-internal.h:330
	xdelta3-internal.h:352
	xdelta3-internal.h:377
	xdelta3-internal.h:378
	xdelta3-internal.h:378
	xdelta3-hash.h:91
	xdelta3-hash.h:94
	xdelta3-hash.h:101
	xdelta3-hash.h:102
	examples/compare_test.c:28
	examples/compare_test.c:31
	examples/compare_test.c:38
	examples/compare_test.c:39
	testing/checksum_test_c.c:129
	testing/checksum_test_c.c:132
	testing/checksum_test_c.c:133
	testing/checksum_test_c.c:135
	testing/checksum_test_c.c:136
	testing/checksum_test_c.c:147
	testing/checksum_test_c.c:148
	testing/checksum_test_c.c:151
	testing/checksum_test_c.c:152
	testing/checksum_test_c.c:153
	testing/checksum_test_c.c:154
	testing/checksum_test_c.c:155
	testing/checksum_test_c.c:156
	testing/regtest.cc:400
	testing/regtest.cc:401
	testing/checksum_test.cc:30
	testing/checksum_test.cc:31
	testing/checksum_test.cc:31
	testing/checksum_test.cc:47
	testing/checksum_test.cc:100
	testing/checksum_test.cc:100
	testing/random.h:82
	testing/random.h:83
	testing/random.h:86
	testing/random.h:86
	testing/random.h:89
	testing/random.h:89
	testing/random.h:98
	testing/random.h:111
autoscan: warning: missing AC_TYPE_UINT8_T wanted by: 
	xdelta3-blkcache.h:33
	xdelta3-blkcache.h:142
	xdelta3-blkcache.h:424
	xdelta3-blkcache.h:511
	xdelta3-main.h:233
	xdelta3-main.h:269
	xdelta3-main.h:270
	xdelta3-main.h:304
	xdelta3-main.h:968
	xdelta3-main.h:971
	xdelta3-main.h:1003
	xdelta3-main.h:1039
	xdelta3-main.h:1082
	xdelta3-main.h:1300
	xdelta3-main.h:1301
	xdelta3-main.h:1436
	xdelta3-main.h:1464
	xdelta3-main.h:1936
	xdelta3-main.h:2112
	xdelta3-main.h:2212
	xdelta3-main.h:2279
	xdelta3-main.h:2281
	xdelta3-main.h:2430
	xdelta3-main.h:2438
	xdelta3-main.h:2734
	xdelta3-main.h:2813
	xdelta3-main.h:2872
	xdelta3-main.h:3128
	xdelta3-main.h:3790
	xdelta3.h:141
	xdelta3.h:640
	xdelta3.h:641
	xdelta3.h:642
	xdelta3.h:643
	xdelta3.h:653
	xdelta3.h:654
	xdelta3.h:655
	xdelta3.h:656
	xdelta3.h:662
	xdelta3.h:670
	xdelta3.h:671
	xdelta3.h:680
	xdelta3.h:689
	xdelta3.h:690
	xdelta3.h:695
	xdelta3.h:699
	xdelta3.h:764
	xdelta3.h:841
	xdelta3.h:871
	xdelta3.h:877
	xdelta3.h:970
	xdelta3.h:972
	xdelta3.h:990
	xdelta3.h:999
	xdelta3.h:1005
	xdelta3.h:1010
	xdelta3.h:1016
	xdelta3.h:1041
	xdelta3.h:1044
	xdelta3.h:1057
	xdelta3.h:1058
	xdelta3.h:1122
	xdelta3.h:1124
	xdelta3.h:1126
	xdelta3.h:1132
	xdelta3.h:1134
	xdelta3.h:1136
	xdelta3.h:1183
	xdelta3.h:1185
	xdelta3.h:1191
	xdelta3.h:1193
	xdelta3.h:1300
	xdelta3.h:1308
	xdelta3.h:1358
	xdelta3.c:465
	xdelta3.c:467
	xdelta3.c:484
	xdelta3.c:486
	xdelta3.c:486
	xdelta3.c:491
	xdelta3.c:501
	xdelta3.c:503
	xdelta3.c:505
	xdelta3.c:508
	xdelta3.c:515
	xdelta3.c:548
	xdelta3.c:561
	xdelta3.c:562
	xdelta3.c:563
	xdelta3.c:564
	xdelta3.c:580
	xdelta3.c:673
	xdelta3.c:673
	xdelta3.c:674
	xdelta3.c:674
	xdelta3.c:690
	xdelta3.c:690
	xdelta3.c:691
	xdelta3.c:691
	xdelta3.c:707
	xdelta3.c:707
	xdelta3.c:708
	xdelta3.c:708
	xdelta3.c:770
	xdelta3.c:771
	xdelta3.c:772
	xdelta3.c:781
	xdelta3.c:783
	xdelta3.c:784
	xdelta3.c:785
	xdelta3.c:788
	xdelta3.c:791
	xdelta3.c:794
	xdelta3.c:798
	xdelta3.c:801
	xdelta3.c:804
	xdelta3.c:839
	xdelta3.c:840
	xdelta3.c:950
	xdelta3.c:967
	xdelta3.c:992
	xdelta3.c:992
	xdelta3.c:994
	xdelta3.c:1084
	xdelta3.c:1125
	xdelta3.c:1125
	xdelta3.c:1129
	xdelta3.c:1150
	xdelta3.c:1174
	xdelta3.c:1279
	xdelta3.c:1356
	xdelta3.c:1357
	xdelta3.c:1470
	xdelta3.c:1486
	xdelta3.c:1487
	xdelta3.c:1600
	xdelta3.c:2044
	xdelta3.c:2071
	xdelta3.c:2588
	xdelta3.c:2617
	xdelta3.c:2645
	xdelta3.c:2687
	xdelta3.c:2688
	xdelta3.c:2697
	xdelta3.c:2817
	xdelta3.c:2830
	xdelta3.c:2831
	xdelta3.c:2832
	xdelta3.c:2833
	xdelta3.c:2856
	xdelta3.c:3304
	xdelta3.c:3306
	xdelta3.c:3377
	xdelta3.c:3379
	xdelta3.c:3381
	xdelta3.c:3450
	xdelta3.c:3452
	xdelta3.c:3462
	xdelta3.c:3464
	xdelta3.c:3466
	xdelta3.c:3481
	xdelta3.c:3483
	xdelta3.c:3493
	xdelta3.c:3495
	xdelta3.c:3497
	xdelta3.c:3845
	xdelta3.c:3845
	xdelta3.c:4142
	xdelta3.c:4142
	xdelta3.c:4143
	xdelta3.c:4180
	xdelta3.c:4181
	xdelta3.c:4182
	xdelta3.c:4292
	xdelta3.c:4303
	xdelta3.c:4311
	xdelta3.c:4313
	xdelta3.c:4316
	xdelta3.c:4555
	xdelta3.c:4561
	xdelta3-djw.h:116
	xdelta3-djw.h:118
	xdelta3-djw.h:119
	xdelta3-djw.h:182
	xdelta3-djw.h:187
	xdelta3-djw.h:213
	xdelta3-djw.h:214
	xdelta3-djw.h:215
	xdelta3-djw.h:216
	xdelta3-djw.h:325
	xdelta3-djw.h:338
	xdelta3-djw.h:340
	xdelta3-djw.h:359
	xdelta3-djw.h:379
	xdelta3-djw.h:507
	xdelta3-djw.h:554
	xdelta3-djw.h:593
	xdelta3-djw.h:616
	xdelta3-djw.h:617
	xdelta3-djw.h:641
	xdelta3-djw.h:667
	xdelta3-djw.h:684
	xdelta3-djw.h:740
	xdelta3-djw.h:871
	xdelta3-djw.h:872
	xdelta3-djw.h:902
	xdelta3-djw.h:903
	xdelta3-djw.h:934
	xdelta3-djw.h:935
	xdelta3-djw.h:959
	xdelta3-djw.h:967
	xdelta3-djw.h:972
	xdelta3-djw.h:986
	xdelta3-djw.h:995
	xdelta3-djw.h:1061
	xdelta3-djw.h:1125
	xdelta3-djw.h:1196
	xdelta3-djw.h:1197
	xdelta3-djw.h:1198
	xdelta3-djw.h:1286
	xdelta3-djw.h:1342
	xdelta3-djw.h:1343
	xdelta3-djw.h:1350
	xdelta3-djw.h:1413
	xdelta3-djw.h:1414
	xdelta3-djw.h:1415
	xdelta3-djw.h:1482
	xdelta3-djw.h:1483
	xdelta3-djw.h:1484
	xdelta3-djw.h:1489
	xdelta3-djw.h:1492
	xdelta3-djw.h:1537
	xdelta3-djw.h:1538
	xdelta3-djw.h:1539
	xdelta3-djw.h:1544
	xdelta3-djw.h:1547
	xdelta3-djw.h:1612
	xdelta3-djw.h:1613
	xdelta3-djw.h:1614
	xdelta3-djw.h:1619
	xdelta3-djw.h:1621
	xdelta3-djw.h:1632
	xdelta3-djw.h:1633
	xdelta3-djw.h:1634
	xdelta3-djw.h:1635
	xdelta3-djw.h:1637
	xdelta3-djw.h:1638
	xdelta3-djw.h:1640
	xdelta3-djw.h:1687
	xdelta3-djw.h:1695
	xdelta3-djw.h:1696
	xdelta3-djw.h:1699
	xdelta3-djw.h:1725
	xdelta3-djw.h:1728
	xdelta3-djw.h:1735
	xdelta3-djw.h:1749
	xdelta3-djw.h:1769
	xdelta3-decode.h:42
	xdelta3-decode.h:139
	xdelta3-decode.h:159
	xdelta3-decode.h:175
	xdelta3-decode.h:459
	xdelta3-decode.h:460
	xdelta3-decode.h:962
	xdelta3-test.h:290
	xdelta3-test.h:290
	xdelta3-test.h:310
	xdelta3-test.h:403
	xdelta3-test.h:520
	xdelta3-test.h:521
	xdelta3-test.h:597
	xdelta3-test.h:598
	xdelta3-test.h:699
	xdelta3-test.h:730
	xdelta3-test.h:731
	xdelta3-test.h:733
	xdelta3-test.h:742
	xdelta3-test.h:742
	xdelta3-test.h:777
	xdelta3-test.h:837
	xdelta3-test.h:855
	xdelta3-test.h:859
	xdelta3-test.h:902
	xdelta3-test.h:906
	xdelta3-test.h:995
	xdelta3-test.h:1330
	xdelta3-test.h:1331
	xdelta3-test.h:1332
	xdelta3-test.h:1336
	xdelta3-test.h:1337
	xdelta3-test.h:1389
	xdelta3-test.h:1434
	xdelta3-test.h:1435
	xdelta3-test.h:1436
	xdelta3-test.h:1587
	xdelta3-test.h:1630
	xdelta3-test.h:1630
	xdelta3-test.h:1630
	xdelta3-test.h:1694
	xdelta3-test.h:1696
	xdelta3-test.h:2535
	xdelta3-test.h:2536
	xdelta3-test.h:2537
	xdelta3-test.h:2547
	xdelta3-test.h:2743
	xdelta3-test.h:2802
	xdelta3-test.h:2803
	xdelta3-test.h:2804
	xdelta3-test.h:2909
	xdelta3-test.h:2910
	xdelta3-test.h:2911
	xdelta3-fgk.h:131
	xdelta3-fgk.h:132
	xdelta3-fgk.h:133
	xdelta3-fgk.h:134
	xdelta3-fgk.h:793
	xdelta3-fgk.h:794
	xdelta3-fgk.h:813
	xdelta3-fgk.h:814
	xdelta3-fgk.h:815
	xdelta3-fgk.h:816
	xdelta3-fgk.h:819
	xdelta3-fgk.h:820
	xdelta3-internal.h:36
	xdelta3-internal.h:40
	xdelta3-internal.h:50
	xdelta3-internal.h:54
	xdelta3-internal.h:58
	xdelta3-internal.h:70
	xdelta3-internal.h:72
	xdelta3-internal.h:131
	xdelta3-internal.h:188
	xdelta3-internal.h:217
	xdelta3-internal.h:252
	xdelta3-internal.h:253
	xdelta3-internal.h:285
	xdelta3-internal.h:286
	xdelta3-internal.h:308
	xdelta3-internal.h:309
	xdelta3-internal.h:328
	xdelta3-internal.h:329
	xdelta3-internal.h:371
	xdelta3-internal.h:373
	xdelta3-internal.h:377
	xdelta3-internal.h:379
	xdelta3-hash.h:49
	xdelta3-hash.h:57
	xdelta3-hash.h:73
	xdelta3-hash.h:84
	xdelta3-hash.h:92
	xdelta3-hash.h:103
	xdelta3-merge.h:35
	xdelta3-merge.h:71
	xdelta3-merge.h:83
	xdelta3-second.h:27
	xdelta3-second.h:28
	xdelta3-second.h:123
	xdelta3-lzma.h:86
	xdelta3-lzma.h:87
	xdelta3-lzma.h:88
	xdelta3-lzma.h:89
	xdelta3-lzma.h:91
	xdelta3-lzma.h:92
	examples/test.h:23
	examples/test.h:43
	examples/small_page_test.c:33
	examples/small_page_test.c:64
	examples/small_page_test.c:66
	examples/small_page_test.c:67
	examples/small_page_test.c:87
	examples/small_page_test.c:132
	examples/small_page_test.c:133
	examples/small_page_test.c:134
	examples/small_page_test.c:135
	examples/speed_test.c:19
	examples/speed_test.c:20
	examples/speed_test.c:21
	examples/speed_test.c:36
	testing/checksum_test_c.c:130
	testing/checksum_test_c.c:149
	testing/checksum_test_c.c:161
	testing/checksum_test_c.c:180
	testing/file.h:37
	testing/file.h:42
	testing/file.h:46
	testing/file.h:52
	testing/file.h:56
	testing/file.h:61
	testing/file.h:65
	testing/file.h:101
	testing/file.h:106
	testing/file.h:119
	testing/regtest.cc:285
	testing/regtest.cc:287
	testing/regtest.cc:289
	testing/checksum_test.cc:26
	testing/checksum_test.cc:28
	testing/checksum_test.cc:30
	testing/checksum_test.cc:32
	testing/checksum_test.cc:144
	testing/checksum_test.cc:152
	testing/checksum_test.cc:157
	testing/checksum_test.cc:200
	testing/checksum_test.cc:204
	testing/checksum_test.cc:209
	testing/checksum_test.cc:228
	testing/checksum_test.cc:232
	testing/checksum_test.cc:237
	testing/checksum_test.cc:250
	testing/checksum_test.cc:318
	testing/checksum_test.cc:535
	testing/checksum_test.cc:537
	testing/checksum_test.cc:538
	testing/checksum_test.cc:624
	testing/checksum_test.cc:644
	testing/checksum_test.cc:660
	testing/random.h:148
	testing/segment.h:35
	testing/segment.h:56
	testing/segment.h:107
	cpp-btree/btree.h:301
