This file contains any messages produced by compilers while
running configure, to aid debugging if configure makes a mistake.

It was created by Xdelta3 configure 3.1.1, which was
generated by GNU Autoconf 2.69.  Invocation command line was

  $ ./configure 

## --------- ##
## Platform. ##
## --------- ##

hostname = cellserver
uname -m = x86_64
uname -r = 5.4.0-91-generic
uname -s = Linux
uname -v = #102~18.04.1-Ubuntu SMP Thu Nov 11 14:46:36 UTC 2021

/usr/bin/uname -p = unknown
/bin/uname -X     = unknown

/bin/arch              = unknown
/usr/bin/arch -k       = unknown
/usr/convex/getsysinfo = unknown
/usr/bin/hostinfo      = unknown
/bin/machine           = unknown
/usr/bin/oslevel       = unknown
/bin/universe          = unknown

PATH: /usr/local/cuda-11.3/bin
PATH: /home/compu/anaconda3/bin
PATH: /usr/local/sbin
PATH: /usr/local/bin
PATH: /usr/sbin
PATH: /usr/bin
PATH: /sbin
PATH: /bin
PATH: /snap/bin


## ----------- ##
## Core tests. ##
## ----------- ##

configure:2609: checking build system type
configure:2623: result: x86_64-pc-linux-gnu
configure:2643: checking host system type
configure:2656: result: x86_64-pc-linux-gnu
configure:2697: checking how to print strings
configure:2724: result: printf
configure:2796: checking for gcc
configure:2812: found /usr/bin/gcc
configure:2823: result: gcc
configure:3052: checking for C compiler version
configure:3061: gcc --version >&5
gcc (Ubuntu 7.5.0-6ubuntu4) 7.5.0
Copyright (C) 2017 Free Software Foundation, Inc.
This is free software; see the source for copying conditions.  There is NO
warranty; not even for MERCHANTABILITY or FITNESS FOR A PARTICULAR PURPOSE.

configure:3072: $? = 0
configure:3061: gcc -v >&5
Using built-in specs.
COLLECT_GCC=gcc
COLLECT_LTO_WRAPPER=/usr/lib/gcc/x86_64-linux-gnu/7/lto-wrapper
OFFLOAD_TARGET_NAMES=nvptx-none
OFFLOAD_TARGET_DEFAULT=1
Target: x86_64-linux-gnu
Configured with: ../src/configure -v --with-pkgversion='Ubuntu 7.5.0-6ubuntu4' --with-bugurl=file:///usr/share/doc/gcc-7/README.Bugs --enable-languages=c,ada,c++,go,brig,d,fortran,objc,obj-c++ --prefix=/usr --with-gcc-major-version-only --program-suffix=-7 --program-prefix=x86_64-linux-gnu- --enable-shared --enable-linker-build-id --libexecdir=/usr/lib --without-included-gettext --enable-threads=posix --libdir=/usr/lib --enable-nls --enable-bootstrap --enable-clocale=gnu --enable-libstdcxx-debug --enable-libstdcxx-time=yes --with-default-libstdcxx-abi=new --enable-gnu-unique-object --disable-vtable-verify --enable-libmpx --enable-plugin --enable-default-pie --with-system-zlib --with-target-system-zlib --enable-objc-gc=auto --enable-multiarch --disable-werror --with-arch-32=i686 --with-abi=m64 --with-multilib-list=m32,m64,mx32 --enable-multilib --with-tune=generic --enable-offload-targets=nvptx-none --without-cuda-driver --enable-checking=release --build=x86_64-linux-gnu --host=x86_64-linux-gnu --target=x86_64-linux-gnu
Thread model: posix
gcc version 7.5.0 (Ubuntu 7.5.0-6ubuntu4) 
configure:3072: $? = 0
configure:3061: gcc -V >&5
gcc: error: unrecognized command line option '-V'
gcc: fatal error: no input files
compilation terminated.
configure:3072: $? = 1
configure:3061: gcc -qversion >&5
gcc: error: unrecognized command line option '-qversion'; did you mean '--version'?
gcc: fatal error: no input files
compilation terminated.
configure:3072: $? = 1
configure:3092: checking whether the C compiler works
configure:3114: gcc    conftest.c  >&5
configure:3118: $? = 0
configure:3166: result: yes
configure:3169: checking for C compiler default output file name
configure:3171: result: a.out
configure:3177: checking for suffix of executables
configure:3184: gcc -o conftest    conftest.c  >&5
configure:3188: $? = 0
configure:3210: result: 
configure:3232: checking whether we are cross compiling
configure:3240: gcc -o conftest    conftest.c  >&5
configure:3244: $? = 0
configure:3251: ./conftest
configure:3255: $? = 0
configure:3270: result: no
configure:3275: checking for suffix of object files
configure:3297: gcc -c   conftest.c >&5
configure:3301: $? = 0
configure:3322: result: o
configure:3326: checking whether we are using the GNU C compiler
configure:3345: gcc -c   conftest.c >&5
configure:3345: $? = 0
configure:3354: result: yes
configure:3363: checking whether gcc accepts -g
configure:3383: gcc -c -g  conftest.c >&5
configure:3383: $? = 0
configure:3424: result: yes
configure:3441: checking for gcc option to accept ISO C89
configure:3504: gcc  -c -g -O2  conftest.c >&5
configure:3504: $? = 0
configure:3517: result: none needed
configure:3542: checking whether gcc understands -c and -o together
configure:3564: gcc -c conftest.c -o conftest2.o
configure:3567: $? = 0
configure:3564: gcc -c conftest.c -o conftest2.o
configure:3567: $? = 0
configure:3579: result: yes
configure:3596: checking for a sed that does not truncate output
configure:3660: result: /bin/sed
configure:3678: checking for grep that handles long lines and -e
configure:3736: result: /bin/grep
configure:3741: checking for egrep
configure:3803: result: /bin/grep -E
configure:3808: checking for fgrep
configure:3870: result: /bin/grep -F
configure:3905: checking for ld used by gcc
configure:3972: result: /usr/bin/ld
configure:3979: checking if the linker (/usr/bin/ld) is GNU ld
configure:3994: result: yes
configure:4006: checking for BSD- or MS-compatible name lister (nm)
configure:4060: result: /usr/bin/nm -B
configure:4190: checking the name lister (/usr/bin/nm -B) interface
configure:4197: gcc -c -g -O2  conftest.c >&5
configure:4200: /usr/bin/nm -B "conftest.o"
configure:4203: output
0000000000000000 B some_variable
configure:4210: result: BSD nm
configure:4213: checking whether ln -s works
configure:4217: result: yes
configure:4225: checking the maximum length of command line arguments
configure:4356: result: 1572864
configure:4404: checking how to convert x86_64-pc-linux-gnu file names to x86_64-pc-linux-gnu format
configure:4444: result: func_convert_file_noop
configure:4451: checking how to convert x86_64-pc-linux-gnu file names to toolchain format
configure:4471: result: func_convert_file_noop
configure:4478: checking for /usr/bin/ld option to reload object files
configure:4485: result: -r
configure:4559: checking for objdump
configure:4575: found /usr/bin/objdump
configure:4586: result: objdump
configure:4618: checking how to recognize dependent libraries
configure:4818: result: pass_all
configure:4903: checking for dlltool
configure:4933: result: no
configure:4963: checking how to associate runtime and link libraries
configure:4990: result: printf %s\n
configure:5051: checking for ar
configure:5067: found /usr/bin/ar
configure:5078: result: ar
configure:5115: checking for archiver @FILE support
configure:5132: gcc -c -g -O2  conftest.c >&5
configure:5132: $? = 0
configure:5135: ar cru libconftest.a @conftest.lst >&5
ar: `u' modifier ignored since `D' is the default (see `U')
configure:5138: $? = 0
configure:5143: ar cru libconftest.a @conftest.lst >&5
ar: `u' modifier ignored since `D' is the default (see `U')
ar: conftest.o: No such file or directory
configure:5146: $? = 1
configure:5158: result: @
configure:5216: checking for strip
configure:5232: found /usr/bin/strip
configure:5243: result: strip
configure:5315: checking for ranlib
configure:5331: found /usr/bin/ranlib
configure:5342: result: ranlib
configure:5419: checking for gawk
configure:5435: found /usr/bin/gawk
configure:5446: result: gawk
configure:5486: checking command to parse /usr/bin/nm -B output from gcc object
configure:5639: gcc -c -g -O2  conftest.c >&5
configure:5642: $? = 0
configure:5646: /usr/bin/nm -B conftest.o \| sed -n -e 's/^.*[ ]\([ABCDGIRSTW][ABCDGIRSTW]*\)[ ][ ]*\([_A-Za-z][_A-Za-z0-9]*\)$/\1 \2 \2/p' | sed '/ __gnu_lto/d' \> conftest.nm
configure:5649: $? = 0
configure:5715: gcc -o conftest -g -O2   conftest.c conftstm.o >&5
configure:5718: $? = 0
configure:5756: result: ok
configure:5803: checking for sysroot
configure:5833: result: no
configure:5840: checking for a working dd
configure:5878: result: /bin/dd
configure:5882: checking how to truncate binary pipes
configure:5897: result: /bin/dd bs=4096 count=1
configure:6033: gcc -c -g -O2  conftest.c >&5
configure:6036: $? = 0
configure:6226: checking for mt
configure:6242: found /bin/mt
configure:6253: result: mt
configure:6276: checking if mt is a manifest tool
configure:6282: mt '-?'
configure:6290: result: no
configure:6967: checking how to run the C preprocessor
configure:6998: gcc -E  conftest.c
configure:6998: $? = 0
configure:7012: gcc -E  conftest.c
conftest.c:9:10: fatal error: ac_nonexistent.h: No such file or directory
 #include <ac_nonexistent.h>
          ^~~~~~~~~~~~~~~~~~
compilation terminated.
configure:7012: $? = 1
configure: failed program was:
| /* confdefs.h */
| #define PACKAGE_NAME "Xdelta3"
| #define PACKAGE_TARNAME "xdelta3"
| #define PACKAGE_VERSION "3.1.1"
| #define PACKAGE_STRING "Xdelta3 3.1.1"
| #define PACKAGE_BUGREPORT "josh.macdonald@gmail.com"
| #define PACKAGE_URL "http://xdelta.org/"
| /* end confdefs.h.  */
| #include <ac_nonexistent.h>
configure:7037: result: gcc -E
configure:7057: gcc -E  conftest.c
configure:7057: $? = 0
configure:7071: gcc -E  conftest.c
conftest.c:9:10: fatal error: ac_nonexistent.h: No such file or directory
 #include <ac_nonexistent.h>
          ^~~~~~~~~~~~~~~~~~
compilation terminated.
configure:7071: $? = 1
configure: failed program was:
| /* confdefs.h */
| #define PACKAGE_NAME "Xdelta3"
| #define PACKAGE_TARNAME "xdelta3"
| #define PACKAGE_VERSION "3.1.1"
| #define PACKAGE_STRING "Xdelta3 3.1.1"
| #define PACKAGE_BUGREPORT "josh.macdonald@gmail.com"
| #define PACKAGE_URL "http://xdelta.org/"
| /* end confdefs.h.  */
| #include <ac_nonexistent.h>
configure:7100: checking for ANSI C header files
configure:7120: gcc -c -g -O2  conftest.c >&5
configure:7120: $? = 0
configure:7193: gcc -o conftest -g -O2   conftest.c  >&5
configure:7193: $? = 0
configure:7193: ./conftest
configure:7193: $? = 0
configure:7204: result: yes
configure:7217: checking for sys/types.h
configure:7217: gcc -c -g -O2  conftest.c >&5
configure:7217: $? = 0
configure:7217: result: yes
configure:7217: checking for sys/stat.h
configure:7217: gcc -c -g -O2  conftest.c >&5
configure:7217: $? = 0
configure:7217: result: yes
configure:7217: checking for stdlib.h
configure:7217: gcc -c -g -O2  conftest.c >&5
configure:7217: $? = 0
configure:7217: result: yes
configure:7217: checking for string.h
configure:7217: gcc -c -g -O2  conftest.c >&5
configure:7217: $? = 0
configure:7217: result: yes
configure:7217: checking for memory.h
configure:7217: gcc -c -g -O2  conftest.c >&5
configure:7217: $? = 0
configure:7217: result: yes
configure:7217: checking for strings.h
configure:7217: gcc -c -g -O2  conftest.c >&5
configure:7217: $? = 0
configure:7217: result: yes
configure:7217: checking for inttypes.h
configure:7217: gcc -c -g -O2  conftest.c >&5
configure:7217: $? = 0
configure:7217: result: yes
configure:7217: checking for stdint.h
configure:7217: gcc -c -g -O2  conftest.c >&5
configure:7217: $? = 0
configure:7217: result: yes
configure:7217: checking for unistd.h
configure:7217: gcc -c -g -O2  conftest.c >&5
configure:7217: $? = 0
configure:7217: result: yes
configure:7231: checking for dlfcn.h
configure:7231: gcc -c -g -O2  conftest.c >&5
configure:7231: $? = 0
configure:7231: result: yes
configure:7487: checking for objdir
configure:7502: result: .libs
configure:7766: checking if gcc supports -fno-rtti -fno-exceptions
configure:7784: gcc -c -g -O2  -fno-rtti -fno-exceptions conftest.c >&5
cc1: warning: command line option '-fno-rtti' is valid for C++/ObjC++ but not for C
configure:7788: $? = 0
configure:7801: result: no
configure:8159: checking for gcc option to produce PIC
configure:8166: result: -fPIC -DPIC
configure:8174: checking if gcc PIC flag -fPIC -DPIC works
configure:8192: gcc -c -g -O2  -fPIC -DPIC -DPIC conftest.c >&5
configure:8196: $? = 0
configure:8209: result: yes
configure:8238: checking if gcc static flag -static works
configure:8266: result: yes
configure:8281: checking if gcc supports -c -o file.o
configure:8302: gcc -c -g -O2  -o out/conftest2.o conftest.c >&5
configure:8306: $? = 0
configure:8328: result: yes
configure:8336: checking if gcc supports -c -o file.o
configure:8383: result: yes
configure:8416: checking whether the gcc linker (/usr/bin/ld -m elf_x86_64) supports shared libraries
configure:9675: result: yes
configure:9712: checking whether -lc should be explicitly linked in
configure:9720: gcc -c -g -O2  conftest.c >&5
configure:9723: $? = 0
configure:9738: gcc -shared  -fPIC -DPIC conftest.o  -v -Wl,-soname -Wl,conftest -o conftest 2\>\&1 \| /bin/grep  -lc  \>/dev/null 2\>\&1
configure:9741: $? = 0
configure:9755: result: no
configure:9915: checking dynamic linker characteristics
configure:10496: gcc -o conftest -g -O2   -Wl,-rpath -Wl,/foo conftest.c  >&5
configure:10496: $? = 0
configure:10733: result: GNU/Linux ld.so
configure:10855: checking how to hardcode library paths into programs
configure:10880: result: immediate
configure:11428: checking whether stripping libraries is possible
configure:11433: result: yes
configure:11468: checking if libtool supports shared libraries
configure:11470: result: yes
configure:11473: checking whether to build shared libraries
configure:11498: result: yes
configure:11501: checking whether to build static libraries
configure:11505: result: yes
configure:11558: checking for a BSD-compatible install
configure:11626: result: /usr/bin/install -c
configure:11637: checking whether build environment is sane
configure:11692: result: yes
configure:11840: checking for a thread-safe mkdir -p
configure:11879: result: /bin/mkdir -p
configure:11882: checking whether make sets $(MAKE)
configure:11904: result: yes
configure:11934: checking for style of include used by make
configure:11962: result: GNU
configure:11996: checking whether make supports nested variables
configure:12013: result: yes
configure:12093: checking whether UID '0' is supported by ustar format
configure:12096: result: yes
configure:12103: checking whether GID '0' is supported by ustar format
configure:12106: result: yes
configure:12114: checking how to create a ustar tar archive
configure:12125: tar --version
tar (GNU tar) 1.29
Copyright (C) 2015 Free Software Foundation, Inc.
License GPLv3+: GNU GPL version 3 or later <http://gnu.org/licenses/gpl.html>.
This is free software: you are free to change and redistribute it.
There is NO WARRANTY, to the extent permitted by law.

Written by John Gilmore and Jay Fenlason.
configure:12128: $? = 0
configure:12168: tardir=conftest.dir && eval tar --format=ustar -chf - "$tardir" >conftest.tar
configure:12171: $? = 0
configure:12175: tar -xf - <conftest.tar
configure:12178: $? = 0
configure:12180: cat conftest.dir/file
GrepMe
configure:12183: $? = 0
configure:12196: result: gnutar
configure:12205: checking dependency style of gcc
configure:12316: result: gcc3
configure:12376: checking if pointers to integers require aligned access
configure:12406: gcc -o conftest -g -O2   conftest.c  >&5
conftest.c: In function 'main':
conftest.c:29:33: error: expected expression before '[' token
   for (i=0; i < 40; i++) string[[i]] = i;
                                 ^
configure:12406: $? = 1
configure: program exited with status 1
configure: failed program was:
| /* confdefs.h */
| #define PACKAGE_NAME "Xdelta3"
| #define PACKAGE_TARNAME "xdelta3"
| #define PACKAGE_VERSION "3.1.1"
| #define PACKAGE_STRING "Xdelta3 3.1.1"
| #define PACKAGE_BUGREPORT "josh.macdonald@gmail.com"
| #define PACKAGE_URL "http://xdelta.org/"
| #define STDC_HEADERS 1
| #define HAVE_SYS_TYPES_H 1
| #define HAVE_SYS_STAT_H 1
| #define HAVE_STDLIB_H 1
| #define HAVE_STRING_H 1
| #define HAVE_MEMORY_H 1
| #define HAVE_STRINGS_H 1
| #define HAVE_INTTYPES_H 1
| #define HAVE_STDINT_H 1
| #define HAVE_UNISTD_H 1
| #define HAVE_DLFCN_H 1
| #define LT_OBJDIR ".libs/"
| /* end confdefs.h.  */
| 
| #include <stdio.h>
| #include <stdlib.h>
| 
| int main()
| {
|   char* string = malloc(40);
|   int i;
|   for (i=0; i < 40; i++) string[[i]] = i;
|   {
|      void* s = string;
|      int* p = s+1;
|      int* q = s+2;
| 
|      if (*p == *q) { return 1; }
|   }
|   return 0;
| }
| 
configure:12417: result: no
configure:12473: checking for gcc
configure:12500: result: gcc
configure:12729: checking for C compiler version
configure:12738: gcc --version >&5
gcc (Ubuntu 7.5.0-6ubuntu4) 7.5.0
Copyright (C) 2017 Free Software Foundation, Inc.
This is free software; see the source for copying conditions.  There is NO
warranty; not even for MERCHANTABILITY or FITNESS FOR A PARTICULAR PURPOSE.

configure:12749: $? = 0
configure:12738: gcc -v >&5
Using built-in specs.
COLLECT_GCC=gcc
COLLECT_LTO_WRAPPER=/usr/lib/gcc/x86_64-linux-gnu/7/lto-wrapper
OFFLOAD_TARGET_NAMES=nvptx-none
OFFLOAD_TARGET_DEFAULT=1
Target: x86_64-linux-gnu
Configured with: ../src/configure -v --with-pkgversion='Ubuntu 7.5.0-6ubuntu4' --with-bugurl=file:///usr/share/doc/gcc-7/README.Bugs --enable-languages=c,ada,c++,go,brig,d,fortran,objc,obj-c++ --prefix=/usr --with-gcc-major-version-only --program-suffix=-7 --program-prefix=x86_64-linux-gnu- --enable-shared --enable-linker-build-id --libexecdir=/usr/lib --without-included-gettext --enable-threads=posix --libdir=/usr/lib --enable-nls --enable-bootstrap --enable-clocale=gnu --enable-libstdcxx-debug --enable-libstdcxx-time=yes --with-default-libstdcxx-abi=new --enable-gnu-unique-object --disable-vtable-verify --enable-libmpx --enable-plugin --enable-default-pie --with-system-zlib --with-target-system-zlib --enable-objc-gc=auto --enable-multiarch --disable-werror --with-arch-32=i686 --with-abi=m64 --with-multilib-list=m32,m64,mx32 --enable-multilib --with-tune=generic --enable-offload-targets=nvptx-none --without-cuda-driver --enable-checking=release --build=x86_64-linux-gnu --host=x86_64-linux-gnu --target=x86_64-linux-gnu
Thread model: posix
gcc version 7.5.0 (Ubuntu 7.5.0-6ubuntu4) 
configure:12749: $? = 0
configure:12738: gcc -V >&5
gcc: error: unrecognized command line option '-V'
gcc: fatal error: no input files
compilation terminated.
configure:12749: $? = 1
configure:12738: gcc -qversion >&5
gcc: error: unrecognized command line option '-qversion'; did you mean '--version'?
gcc: fatal error: no input files
compilation terminated.
configure:12749: $? = 1
configure:12753: checking whether we are using the GNU C compiler
configure:12781: result: yes
configure:12790: checking whether gcc accepts -g
configure:12851: result: yes
configure:12868: checking for gcc option to accept ISO C89
configure:12944: result: none needed
configure:12969: checking whether gcc understands -c and -o together
configure:13006: result: yes
configure:13081: checking for g++
configure:13097: found /usr/bin/g++
configure:13108: result: g++
configure:13135: checking for C++ compiler version
configure:13144: g++ --version >&5
g++ (Ubuntu 7.5.0-6ubuntu4) 7.5.0
Copyright (C) 2017 Free Software Foundation, Inc.
This is free software; see the source for copying conditions.  There is NO
warranty; not even for MERCHANTABILITY or FITNESS FOR A PARTICULAR PURPOSE.

configure:13155: $? = 0
configure:13144: g++ -v >&5
Using built-in specs.
COLLECT_GCC=g++
COLLECT_LTO_WRAPPER=/usr/lib/gcc/x86_64-linux-gnu/7/lto-wrapper
OFFLOAD_TARGET_NAMES=nvptx-none
OFFLOAD_TARGET_DEFAULT=1
Target: x86_64-linux-gnu
Configured with: ../src/configure -v --with-pkgversion='Ubuntu 7.5.0-6ubuntu4' --with-bugurl=file:///usr/share/doc/gcc-7/README.Bugs --enable-languages=c,ada,c++,go,brig,d,fortran,objc,obj-c++ --prefix=/usr --with-gcc-major-version-only --program-suffix=-7 --program-prefix=x86_64-linux-gnu- --enable-shared --enable-linker-build-id --libexecdir=/usr/lib --without-included-gettext --enable-threads=posix --libdir=/usr/lib --enable-nls --enable-bootstrap --enable-clocale=gnu --enable-libstdcxx-debug --enable-libstdcxx-time=yes --with-default-libstdcxx-abi=new --enable-gnu-unique-object --disable-vtable-verify --enable-libmpx --enable-plugin --enable-default-pie --with-system-zlib --with-target-system-zlib --enable-objc-gc=auto --enable-multiarch --disable-werror --with-arch-32=i686 --with-abi=m64 --with-multilib-list=m32,m64,mx32 --enable-multilib --with-tune=generic --enable-offload-targets=nvptx-none --without-cuda-driver --enable-checking=release --build=x86_64-linux-gnu --host=x86_64-linux-gnu --target=x86_64-linux-gnu
Thread model: posix
gcc version 7.5.0 (Ubuntu 7.5.0-6ubuntu4) 
configure:13155: $? = 0
configure:13144: g++ -V >&5
g++: error: unrecognized command line option '-V'
g++: fatal error: no input files
compilation terminated.
configure:13155: $? = 1
configure:13144: g++ -qversion >&5
g++: error: unrecognized command line option '-qversion'; did you mean '--version'?
g++: fatal error: no input files
compilation terminated.
configure:13155: $? = 1
configure:13159: checking whether we are using the GNU C++ compiler
configure:13178: g++ -c   conftest.cpp >&5
configure:13178: $? = 0
configure:13187: result: yes
configure:13196: checking whether g++ accepts -g
configure:13216: g++ -c -g  conftest.cpp >&5
configure:13216: $? = 0
configure:13257: result: yes
configure:13298: checking how to run the C++ preprocessor
configure:13325: g++ -E  conftest.cpp
configure:13325: $? = 0
configure:13339: g++ -E  conftest.cpp
conftest.cpp:21:10: fatal error: ac_nonexistent.h: No such file or directory
 #include <ac_nonexistent.h>
          ^~~~~~~~~~~~~~~~~~
compilation terminated.
configure:13339: $? = 1
configure: failed program was:
| /* confdefs.h */
| #define PACKAGE_NAME "Xdelta3"
| #define PACKAGE_TARNAME "xdelta3"
| #define PACKAGE_VERSION "3.1.1"
| #define PACKAGE_STRING "Xdelta3 3.1.1"
| #define PACKAGE_BUGREPORT "josh.macdonald@gmail.com"
| #define PACKAGE_URL "http://xdelta.org/"
| #define STDC_HEADERS 1
| #define HAVE_SYS_TYPES_H 1
| #define HAVE_SYS_STAT_H 1
| #define HAVE_STDLIB_H 1
| #define HAVE_STRING_H 1
| #define HAVE_MEMORY_H 1
| #define HAVE_STRINGS_H 1
| #define HAVE_INTTYPES_H 1
| #define HAVE_STDINT_H 1
| #define HAVE_UNISTD_H 1
| #define HAVE_DLFCN_H 1
| #define LT_OBJDIR ".libs/"
| /* end confdefs.h.  */
| #include <ac_nonexistent.h>
configure:13364: result: g++ -E
configure:13384: g++ -E  conftest.cpp
configure:13384: $? = 0
configure:13398: g++ -E  conftest.cpp
conftest.cpp:21:10: fatal error: ac_nonexistent.h: No such file or directory
 #include <ac_nonexistent.h>
          ^~~~~~~~~~~~~~~~~~
compilation terminated.
configure:13398: $? = 1
configure: failed program was:
| /* confdefs.h */
| #define PACKAGE_NAME "Xdelta3"
| #define PACKAGE_TARNAME "xdelta3"
| #define PACKAGE_VERSION "3.1.1"
| #define PACKAGE_STRING "Xdelta3 3.1.1"
| #define PACKAGE_BUGREPORT "josh.macdonald@gmail.com"
| #define PACKAGE_URL "http://xdelta.org/"
| #define STDC_HEADERS 1
| #define HAVE_SYS_TYPES_H 1
| #define HAVE_SYS_STAT_H 1
| #define HAVE_STDLIB_H 1
| #define HAVE_STRING_H 1
| #define HAVE_MEMORY_H 1
| #define HAVE_STRINGS_H 1
| #define HAVE_INTTYPES_H 1
| #define HAVE_STDINT_H 1
| #define HAVE_UNISTD_H 1
| #define HAVE_DLFCN_H 1
| #define LT_OBJDIR ".libs/"
| /* end confdefs.h.  */
| #include <ac_nonexistent.h>
configure:13560: checking for ld used by g++
configure:13627: result: /usr/bin/ld -m elf_x86_64
configure:13634: checking if the linker (/usr/bin/ld -m elf_x86_64) is GNU ld
configure:13649: result: yes
configure:13704: checking whether the g++ linker (/usr/bin/ld -m elf_x86_64) supports shared libraries
configure:14777: result: yes
configure:14813: g++ -c -g -O2  conftest.cpp >&5
configure:14816: $? = 0
configure:15297: checking for g++ option to produce PIC
configure:15304: result: -fPIC -DPIC
configure:15312: checking if g++ PIC flag -fPIC -DPIC works
configure:15330: g++ -c -g -O2  -fPIC -DPIC -DPIC conftest.cpp >&5
configure:15334: $? = 0
configure:15347: result: yes
configure:15370: checking if g++ static flag -static works
configure:15398: result: yes
configure:15410: checking if g++ supports -c -o file.o
configure:15431: g++ -c -g -O2  -o out/conftest2.o conftest.cpp >&5
configure:15435: $? = 0
configure:15457: result: yes
configure:15462: checking if g++ supports -c -o file.o
configure:15509: result: yes
configure:15539: checking whether the g++ linker (/usr/bin/ld -m elf_x86_64) supports shared libraries
configure:15579: result: yes
configure:15720: checking dynamic linker characteristics
configure:16465: result: GNU/Linux ld.so
configure:16530: checking how to hardcode library paths into programs
configure:16555: result: immediate
configure:16597: checking dependency style of g++
configure:16708: result: gcc3
configure:16728: checking size of size_t
configure:16733: gcc -o conftest -g -O2   conftest.c  >&5
configure:16733: $? = 0
configure:16733: ./conftest
configure:16733: $? = 0
configure:16747: result: 8
configure:16761: checking size of unsigned int
configure:16766: gcc -o conftest -g -O2   conftest.c  >&5
configure:16766: $? = 0
configure:16766: ./conftest
configure:16766: $? = 0
configure:16780: result: 4
configure:16794: checking size of unsigned long
configure:16799: gcc -o conftest -g -O2   conftest.c  >&5
configure:16799: $? = 0
configure:16799: ./conftest
configure:16799: $? = 0
configure:16813: result: 8
configure:16827: checking size of unsigned long long
configure:16832: gcc -o conftest -g -O2   conftest.c  >&5
configure:16832: $? = 0
configure:16832: ./conftest
configure:16832: $? = 0
configure:16846: result: 8
configure:16869: checking lzma.h usability
configure:16869: gcc -c -g -O2  conftest.c >&5
configure:16869: $? = 0
configure:16869: result: yes
configure:16869: checking lzma.h presence
configure:16869: gcc -E  conftest.c
configure:16869: $? = 0
configure:16869: result: yes
configure:16869: checking for lzma.h
configure:16869: result: yes
configure:16887: checking for lzma_easy_buffer_encode in -llzma
configure:16912: gcc -o conftest -g -O2   conftest.c -llzma   >&5
configure:16912: $? = 0
configure:16921: result: yes
configure:17078: checking that generated files are newer than configure
configure:17084: result: done
configure:17115: creating ./config.status

## ---------------------- ##
## Running config.status. ##
## ---------------------- ##

This file was extended by Xdelta3 config.status 3.1.1, which was
generated by GNU Autoconf 2.69.  Invocation command line was

  CONFIG_FILES    = 
  CONFIG_HEADERS  = 
  CONFIG_LINKS    = 
  CONFIG_COMMANDS = 
  $ ./config.status 

on cellserver

config.status:1154: creating Makefile
config.status:1154: creating config.h
config.status:1335: config.h is unchanged
config.status:1383: executing libtool commands
config.status:1383: executing depfiles commands

## ---------------- ##
## Cache variables. ##
## ---------------- ##

ac_cv_build=x86_64-pc-linux-gnu
ac_cv_c_compiler_gnu=yes
ac_cv_cxx_compiler_gnu=yes
ac_cv_env_CCC_set=
ac_cv_env_CCC_value=
ac_cv_env_CC_set=
ac_cv_env_CC_value=
ac_cv_env_CFLAGS_set=
ac_cv_env_CFLAGS_value=
ac_cv_env_CPPFLAGS_set=
ac_cv_env_CPPFLAGS_value=
ac_cv_env_CPP_set=
ac_cv_env_CPP_value=
ac_cv_env_CXXCPP_set=
ac_cv_env_CXXCPP_value=
ac_cv_env_CXXFLAGS_set=
ac_cv_env_CXXFLAGS_value=
ac_cv_env_CXX_set=
ac_cv_env_CXX_value=
ac_cv_env_LDFLAGS_set=
ac_cv_env_LDFLAGS_value=
ac_cv_env_LIBS_set=
ac_cv_env_LIBS_value=
ac_cv_env_LT_SYS_LIBRARY_PATH_set=
ac_cv_env_LT_SYS_LIBRARY_PATH_value=
ac_cv_env_build_alias_set=
ac_cv_env_build_alias_value=
ac_cv_env_host_alias_set=
ac_cv_env_host_alias_value=
ac_cv_env_target_alias_set=
ac_cv_env_target_alias_value=
ac_cv_header_dlfcn_h=yes
ac_cv_header_inttypes_h=yes
ac_cv_header_lzma_h=yes
ac_cv_header_memory_h=yes
ac_cv_header_stdc=yes
ac_cv_header_stdint_h=yes
ac_cv_header_stdlib_h=yes
ac_cv_header_string_h=yes
ac_cv_header_strings_h=yes
ac_cv_header_sys_stat_h=yes
ac_cv_header_sys_types_h=yes
ac_cv_header_unistd_h=yes
ac_cv_host=x86_64-pc-linux-gnu
ac_cv_lib_lzma_lzma_easy_buffer_encode=yes
ac_cv_objext=o
ac_cv_path_EGREP='/bin/grep -E'
ac_cv_path_FGREP='/bin/grep -F'
ac_cv_path_GREP=/bin/grep
ac_cv_path_SED=/bin/sed
ac_cv_path_install='/usr/bin/install -c'
ac_cv_path_lt_DD=/bin/dd
ac_cv_path_mkdir=/bin/mkdir
ac_cv_prog_AWK=gawk
ac_cv_prog_CPP='gcc -E'
ac_cv_prog_CXXCPP='g++ -E'
ac_cv_prog_ac_ct_AR=ar
ac_cv_prog_ac_ct_CC=gcc
ac_cv_prog_ac_ct_CXX=g++
ac_cv_prog_ac_ct_MANIFEST_TOOL=mt
ac_cv_prog_ac_ct_OBJDUMP=objdump
ac_cv_prog_ac_ct_RANLIB=ranlib
ac_cv_prog_ac_ct_STRIP=strip
ac_cv_prog_cc_c89=
ac_cv_prog_cc_g=yes
ac_cv_prog_cxx_g=yes
ac_cv_prog_make_make_set=yes
ac_cv_sizeof_size_t=8
ac_cv_sizeof_unsigned_int=4
ac_cv_sizeof_unsigned_long=8
ac_cv_sizeof_unsigned_long_long=8
am_cv_CC_dependencies_compiler_type=gcc3
am_cv_CXX_dependencies_compiler_type=gcc3
am_cv_make_support_nested_variables=yes
am_cv_prog_cc_c_o=yes
am_cv_prog_tar_ustar=gnutar
ax_cv_have_aligned_access_required=no
lt_cv_ar_at_file=@
lt_cv_archive_cmds_need_lc=no
lt_cv_deplibs_check_method=pass_all
lt_cv_file_magic_cmd='$MAGIC_CMD'
lt_cv_file_magic_test_file=
lt_cv_ld_reload_flag=-r
lt_cv_nm_interface='BSD nm'
lt_cv_objdir=.libs
lt_cv_path_LD=/usr/bin/ld
lt_cv_path_LDCXX='/usr/bin/ld -m elf_x86_64'
lt_cv_path_NM='/usr/bin/nm -B'
lt_cv_path_mainfest_tool=no
lt_cv_prog_compiler_c_o=yes
lt_cv_prog_compiler_c_o_CXX=yes
lt_cv_prog_compiler_pic='-fPIC -DPIC'
lt_cv_prog_compiler_pic_CXX='-fPIC -DPIC'
lt_cv_prog_compiler_pic_works=yes
lt_cv_prog_compiler_pic_works_CXX=yes
lt_cv_prog_compiler_rtti_exceptions=no
lt_cv_prog_compiler_static_works=yes
lt_cv_prog_compiler_static_works_CXX=yes
lt_cv_prog_gnu_ld=yes
lt_cv_prog_gnu_ldcxx=yes
lt_cv_sharedlib_from_linklib_cmd='printf %s\n'
lt_cv_shlibpath_overrides_runpath=yes
lt_cv_sys_global_symbol_pipe='sed -n -e '\''s/^.*[	 ]\([ABCDGIRSTW][ABCDGIRSTW]*\)[	 ][	 ]*\([_A-Za-z][_A-Za-z0-9]*\)$/\1 \2 \2/p'\'' | sed '\''/ __gnu_lto/d'\'''
lt_cv_sys_global_symbol_to_c_name_address='sed -n -e '\''s/^: \(.*\) .*$/  {"\1", (void *) 0},/p'\'' -e '\''s/^[ABCDGIRSTW][ABCDGIRSTW]* .* \(.*\)$/  {"\1", (void *) \&\1},/p'\'''
lt_cv_sys_global_symbol_to_c_name_address_lib_prefix='sed -n -e '\''s/^: \(.*\) .*$/  {"\1", (void *) 0},/p'\'' -e '\''s/^[ABCDGIRSTW][ABCDGIRSTW]* .* \(lib.*\)$/  {"\1", (void *) \&\1},/p'\'' -e '\''s/^[ABCDGIRSTW][ABCDGIRSTW]* .* \(.*\)$/  {"lib\1", (void *) \&\1},/p'\'''
lt_cv_sys_global_symbol_to_cdecl='sed -n -e '\''s/^T .* \(.*\)$/extern int \1();/p'\'' -e '\''s/^[ABCDGIRSTW][ABCDGIRSTW]* .* \(.*\)$/extern char \1;/p'\'''
lt_cv_sys_global_symbol_to_import=
lt_cv_sys_max_cmd_len=1572864
lt_cv_to_host_file_cmd=func_convert_file_noop
lt_cv_to_tool_file_cmd=func_convert_file_noop
lt_cv_truncate_bin='/bin/dd bs=4096 count=1'

## ----------------- ##
## Output variables. ##
## ----------------- ##

ACLOCAL='${SHELL} /home/compu/DeepSketch/xdelta3/missing aclocal-1.15'
AMDEPBACKSLASH='\'
AMDEP_FALSE='#'
AMDEP_TRUE=''
AMTAR='$${TAR-tar}'
AM_BACKSLASH='\'
AM_DEFAULT_V='$(AM_DEFAULT_VERBOSITY)'
AM_DEFAULT_VERBOSITY='1'
AM_V='$(V)'
AR='ar'
AUTOCONF='${SHELL} /home/compu/DeepSketch/xdelta3/missing autoconf'
AUTOHEADER='${SHELL} /home/compu/DeepSketch/xdelta3/missing autoheader'
AUTOMAKE='${SHELL} /home/compu/DeepSketch/xdelta3/missing automake-1.15'
AWK='gawk'
CC='gcc'
CCDEPMODE='depmode=gcc3'
CFLAGS='-g -O2'
CPP='gcc -E'
CPPFLAGS=''
CXX='g++'
CXXCPP='g++ -E'
CXXDEPMODE='depmode=gcc3'
CXXFLAGS='-g -O2'
CYGPATH_W='echo'
DEBUG_SYMBOLS_FALSE=''
DEBUG_SYMBOLS_TRUE='#'
DEFS='-DHAVE_CONFIG_H'
DEPDIR='.deps'
DLLTOOL='false'
DSYMUTIL=''
DUMPBIN=''
ECHO_C=''
ECHO_N='-n'
ECHO_T=''
EGREP='/bin/grep -E'
EXEEXT=''
FGREP='/bin/grep -F'
GREP='/bin/grep'
INSTALL_DATA='${INSTALL} -m 644'
INSTALL_PROGRAM='${INSTALL}'
INSTALL_SCRIPT='${INSTALL}'
INSTALL_STRIP_PROGRAM='$(install_sh) -c -s'
LD='/usr/bin/ld -m elf_x86_64'
LDFLAGS=''
LIBOBJS=''
LIBS='-llzma '
LIBTOOL='$(SHELL) $(top_builddir)/libtool'
LIPO=''
LN_S='ln -s'
LTLIBOBJS=''
LT_SYS_LIBRARY_PATH=''
MAKEINFO='${SHELL} /home/compu/DeepSketch/xdelta3/missing makeinfo'
MANIFEST_TOOL=':'
MKDIR_P='/bin/mkdir -p'
NM='/usr/bin/nm -B'
NMEDIT=''
OBJDUMP='objdump'
OBJEXT='o'
OTOOL64=''
OTOOL=''
PACKAGE='xdelta3'
PACKAGE_BUGREPORT='josh.macdonald@gmail.com'
PACKAGE_NAME='Xdelta3'
PACKAGE_STRING='Xdelta3 3.1.1'
PACKAGE_TARNAME='xdelta3'
PACKAGE_URL='http://xdelta.org/'
PACKAGE_VERSION='3.1.1'
PATH_SEPARATOR=':'
RANLIB='ranlib'
SED='/bin/sed'
SET_MAKE=''
SHELL='/bin/bash'
STRIP='strip'
VERSION='3.1.1'
ac_ct_AR='ar'
ac_ct_CC='gcc'
ac_ct_CXX='g++'
ac_ct_DUMPBIN=''
am__EXEEXT_FALSE=''
am__EXEEXT_TRUE='#'
am__fastdepCC_FALSE='#'
am__fastdepCC_TRUE=''
am__fastdepCXX_FALSE='#'
am__fastdepCXX_TRUE=''
am__include='include'
am__isrc=''
am__leading_dot='.'
am__nodep='_no'
am__quote=''
am__tar='tar --format=ustar -chf - "$$tardir"'
am__untar='tar -xf -'
bindir='${exec_prefix}/bin'
build='x86_64-pc-linux-gnu'
build_alias=''
build_cpu='x86_64'
build_os='linux-gnu'
build_vendor='pc'
datadir='${datarootdir}'
datarootdir='${prefix}/share'
docdir='${datarootdir}/doc/${PACKAGE_TARNAME}'
dvidir='${docdir}'
exec_prefix='${prefix}'
host='x86_64-pc-linux-gnu'
host_alias=''
host_cpu='x86_64'
host_os='linux-gnu'
host_vendor='pc'
htmldir='${docdir}'
includedir='${prefix}/include'
infodir='${datarootdir}/info'
install_sh='${SHELL} /home/compu/DeepSketch/xdelta3/install-sh'
libdir='${exec_prefix}/lib'
libexecdir='${exec_prefix}/libexec'
localedir='${datarootdir}/locale'
localstatedir='${prefix}/var'
mandir='${datarootdir}/man'
mkdir_p='$(MKDIR_P)'
oldincludedir='/usr/include'
pdfdir='${docdir}'
prefix='/usr/local'
program_transform_name='s,x,x,'
psdir='${docdir}'
runstatedir='${localstatedir}/run'
sbindir='${exec_prefix}/sbin'
sharedstatedir='${prefix}/com'
sysconfdir='${prefix}/etc'
target_alias=''

## ----------- ##
## confdefs.h. ##
## ----------- ##

/* confdefs.h */
#define PACKAGE_NAME "Xdelta3"
#define PACKAGE_TARNAME "xdelta3"
#define PACKAGE_VERSION "3.1.1"
#define PACKAGE_STRING "Xdelta3 3.1.1"
#define PACKAGE_BUGREPORT "josh.macdonald@gmail.com"
#define PACKAGE_URL "http://xdelta.org/"
#define STDC_HEADERS 1
#define HAVE_SYS_TYPES_H 1
#define HAVE_SYS_STAT_H 1
#define HAVE_STDLIB_H 1
#define HAVE_STRING_H 1
#define HAVE_MEMORY_H 1
#define HAVE_STRINGS_H 1
#define HAVE_INTTYPES_H 1
#define HAVE_STDINT_H 1
#define HAVE_UNISTD_H 1
#define HAVE_DLFCN_H 1
#define LT_OBJDIR ".libs/"
#define SIZEOF_SIZE_T 8
#define SIZEOF_UNSIGNED_INT 4
#define SIZEOF_UNSIGNED_LONG 8
#define SIZEOF_UNSIGNED_LONG_LONG 8
#define HAVE_LZMA_H 1
#define HAVE_LIBLZMA 1

configure: exit 0
